<?xml version="1.0" encoding="UTF-8"?>
<!-- Generated by org.testng.reporters.JUnitXMLReporter -->
<testsuite ignored="3" hostname="DESKTOP-2LOCNTC" failures="0" tests="1" name="Check Add different products to CompareList" time="6.251" errors="0" timestamp="2024-06-02T14:44:09 EEST">
  <testcase classname="TestCases.TC10_CompareList" name="AddDifferentProductsToCompareList_P" time="1.448"/>
  <testcase classname="TestCases.TC01_Login" name="checkLoginWithValidData_P" time="0.0">
    <ignored/>
  </testcase> <!-- checkLoginWithValidData_P -->
  <testcase classname="TestCases.Testbase" name="@AfterTest tearDown" time="0.0">
    <ignored/>
  </testcase> <!-- @AfterTest tearDown -->
  <testcase classname="TestCases.Testbase" name="@BeforeTest setupDriver" time="0.0">
    <ignored/>
  </testcase> <!-- @BeforeTest setupDriver -->
</testsuite> <!-- Check Add different products to CompareList -->
