<?xml version="1.0" encoding="UTF-8"?>
<!-- Generated by org.testng.reporters.JUnitXMLReporter -->
<testsuite ignored="4" hostname="DESKTOP-2LOCNTC" failures="0" tests="0" time="4.719" errors="0" timestamp="2024-06-02T14:43:57 EEST">
  <testcase classname="TestCases.TC01_Login" name="checkLoginWithValidData_P" time="0.0">
    <ignored/>
  </testcase> <!-- checkLoginWithValidData_P -->
  <testcase classname="TestCases.Testbase" name="@BeforeTest setupDriver" time="0.0">
    <ignored/>
  </testcase> <!-- @BeforeTest setupDriver -->
  <testcase classname="TestCases.Testbase" name="@AfterTest tearDown" time="0.0">
    <ignored/>
  </testcase> <!-- @AfterTest tearDown -->
  <testcase classname="TestCases.TC08_DifferentProducts" name="AddDifferentProductsToTheCard_P" time="0.0">
    <ignored/>
  </testcase> <!-- AddDifferentProductsToTheCard_P -->
</testsuite>
