<?xml version="1.0" encoding="UTF-8"?>
<!-- Generated by org.testng.reporters.JUnitXMLReporter -->
<testsuite ignored="3" hostname="DESKTOP-2LOCNTC" failures="0" tests="1" name="Check hover random category" time="10.121" errors="0" timestamp="2024-06-02T14:43:23 EEST">
  <testcase classname="TestCases.TC04_Category" name="chooseRandomCategory_P" time="1.05"/>
  <testcase classname="TestCases.Testbase" name="@AfterTest tearDown" time="0.0">
    <ignored/>
  </testcase> <!-- @AfterTest tearDown -->
  <testcase classname="TestCases.Testbase" name="@BeforeTest setupDriver" time="0.0">
    <ignored/>
  </testcase> <!-- @BeforeTest setupDriver -->
  <testcase classname="TestCases.TC01_Login" name="checkLoginWithValidData_P" time="0.0">
    <ignored/>
  </testcase> <!-- checkLoginWithValidData_P -->
</testsuite> <!-- Check hover random category -->
